826319
1507730
1267 1190
0
bk1 560 0 896 133 
bk10a 0 539 378 658 
bk10b 1106 0 1267 140 
bk10c 0 1141 119 1190 
bk11 896 1043 1071 1162 
bk12 0 273 406 413 
bk13 0 133 497 273 
bk14a 896 574 1092 693 
bk14b 560 791 854 910 
bk14c 1106 140 1267 259 
bk15a 560 910 826 1029 
bk15b 560 133 896 252 
bk16 1106 392 1232 511 
bk17a 0 658 371 840 
bk17b 896 210 1099 392 
bk18 896 392 1099 574 
bk19 1106 630 1225 714 
bk2 560 658 854 791 
bk20 0 959 350 1141 
bk21 560 252 875 392 
bk3 560 392 875 525 
bk4 0 0 560 133 
bk5a 1106 259 1246 392 
bk5b 896 910 1071 1043 
bk5c 560 1029 791 1162 
bk6 560 525 875 658 
bk7 896 812 1078 910 
bk8a 896 0 1106 210 
bk8b 0 413 378 539 
bk9a 896 693 1078 812 
bk9b 1106 511 1225 630 
bk9c 0 840 357 959 
bk9d 1106 714 1225 798 
